ERROR 2023-03-24 13:04:12,083 [main] - SENDING {"verb":"getDictionary","clientId":"changeme"}
ERROR 2023-03-24 13:04:12,309 [main] - AAA 
ERROR 2023-03-24 13:04:12,406 [main] - LOADED 437
ERROR 2023-03-24 13:04:12,441 [main] - PGgetNode 2
ERROR 2023-03-24 13:04:12,751 [main] - PWGPsplit ccnj
ERROR 2023-03-24 13:04:12,805 [main] - PGgetNode 3
ERROR 2023-03-24 13:04:12,806 [main] - PWGPsplit ccnj
ERROR 2023-03-24 13:04:12,812 [main] - PGgetNode 4
ERROR 2023-03-24 13:04:12,813 [main] - PWGPsplit ccnj
ERROR 2023-03-24 13:04:12,820 [main] - PGgetNode 5
ERROR 2023-03-24 13:04:12,821 [main] - PWGPsplit sw
ERROR 2023-03-24 13:04:12,825 [main] - PGgetNode 6
ERROR 2023-03-24 13:04:12,827 [main] - PWGPsplit sw
ERROR 2023-03-24 13:04:12,832 [main] - PGgetNode 7
ERROR 2023-03-24 13:04:12,832 [main] - PWGPsplit qw
ERROR 2023-03-24 13:04:12,840 [main] - PGgetNode 8
ERROR 2023-03-24 13:04:12,841 [main] - PWGPsplit sw
ERROR 2023-03-24 13:04:12,846 [main] - PGgetNode 9
ERROR 2023-03-24 13:04:12,847 [main] - PWGPsplit sw
ERROR 2023-03-24 13:04:12,851 [main] - PGgetNode 10
ERROR 2023-03-24 13:04:12,852 [main] - PWGPsplit sw
ERROR 2023-03-24 13:04:12,856 [main] - PGgetNode 11
ERROR 2023-03-24 13:04:12,856 [main] - PWGPsplit sw
ERROR 2023-03-24 13:04:12,861 [main] - PGgetNode 12
ERROR 2023-03-24 13:04:12,862 [main] - PWGPsplit sw
ERROR 2023-03-24 13:04:12,865 [main] - PGgetNode 13
ERROR 2023-03-24 13:04:12,865 [main] - PWGPsplit sw
ERROR 2023-03-24 13:04:12,868 [main] - PGgetNode 14
ERROR 2023-03-24 13:04:12,870 [main] - PWGPsplit sw
ERROR 2023-03-24 13:04:12,873 [main] - PGgetNode 15
ERROR 2023-03-24 13:04:12,874 [main] - PWGPsplit sw
ERROR 2023-03-24 13:04:12,879 [main] - PGgetNode 16
ERROR 2023-03-24 13:04:12,880 [main] - PWGPsplit sw
ERROR 2023-03-24 13:52:45,387 [main] - SENDING {"verb":"getDictionary","clientId":"changeme"}
ERROR 2023-03-24 13:52:45,644 [main] - AAA 
ERROR 2023-03-24 13:52:45,737 [main] - LOADED 437
ERROR 2023-03-24 13:52:45,773 [main] - PGgetNode 2
ERROR 2023-03-24 13:52:46,020 [main] - PWGPsplit ccnj
ERROR 2023-03-24 13:52:46,031 [main] - PGgetNode 3
ERROR 2023-03-24 13:52:46,033 [main] - PWGPsplit ccnj
ERROR 2023-03-24 13:52:46,039 [main] - PGgetNode 4
ERROR 2023-03-24 13:52:46,041 [main] - PWGPsplit ccnj
ERROR 2023-03-24 13:52:46,052 [main] - PGgetNode 5
ERROR 2023-03-24 13:52:46,053 [main] - PWGPsplit sw
ERROR 2023-03-24 13:52:46,057 [main] - PGgetNode 6
ERROR 2023-03-24 13:52:46,059 [main] - PWGPsplit sw
ERROR 2023-03-24 13:52:46,063 [main] - PGgetNode 7
ERROR 2023-03-24 13:52:46,064 [main] - PWGPsplit qw
ERROR 2023-03-24 13:52:46,070 [main] - PGgetNode 8
ERROR 2023-03-24 13:52:46,072 [main] - PWGPsplit sw
ERROR 2023-03-24 13:52:46,079 [main] - PGgetNode 9
ERROR 2023-03-24 13:52:46,080 [main] - PWGPsplit sw
ERROR 2023-03-24 13:52:46,084 [main] - PGgetNode 10
ERROR 2023-03-24 13:52:46,085 [main] - PWGPsplit sw
ERROR 2023-03-24 13:52:46,088 [main] - PGgetNode 11
ERROR 2023-03-24 13:52:46,089 [main] - PWGPsplit sw
ERROR 2023-03-24 13:52:46,095 [main] - PGgetNode 12
ERROR 2023-03-24 13:52:46,095 [main] - PWGPsplit sw
ERROR 2023-03-24 13:52:46,101 [main] - PGgetNode 13
ERROR 2023-03-24 13:52:46,102 [main] - PWGPsplit sw
ERROR 2023-03-24 13:52:46,122 [main] - PGgetNode 14
ERROR 2023-03-24 13:52:46,123 [main] - PWGPsplit sw
ERROR 2023-03-24 13:52:46,127 [main] - PGgetNode 15
ERROR 2023-03-24 13:52:46,129 [main] - PWGPsplit sw
ERROR 2023-03-24 13:52:46,134 [main] - PGgetNode 16
ERROR 2023-03-24 13:52:46,135 [main] - PWGPsplit sw
ERROR 2023-03-24 13:56:10,799 [main] - SENDING {"verb":"getDictionary","clientId":"changeme"}
ERROR 2023-03-24 13:56:10,996 [main] - AAA 
ERROR 2023-03-24 13:56:11,077 [main] - LOADED 437
ERROR 2023-03-24 13:56:11,093 [main] - PGgetNode 2
ERROR 2023-03-24 13:56:11,353 [main] - PWGPsplit ccnj
ERROR 2023-03-24 13:56:11,364 [main] - PGgetNode 3
ERROR 2023-03-24 13:56:11,365 [main] - PWGPsplit ccnj
ERROR 2023-03-24 13:56:11,371 [main] - PGgetNode 4
ERROR 2023-03-24 13:56:11,372 [main] - PWGPsplit ccnj
ERROR 2023-03-24 13:56:11,376 [main] - PGgetNode 5
ERROR 2023-03-24 13:56:11,377 [main] - PWGPsplit sw
ERROR 2023-03-24 13:56:11,380 [main] - PGgetNode 6
ERROR 2023-03-24 13:56:11,381 [main] - PWGPsplit sw
ERROR 2023-03-24 13:56:11,386 [main] - PGgetNode 7
ERROR 2023-03-24 13:56:11,387 [main] - PWGPsplit qw
ERROR 2023-03-24 13:56:11,391 [main] - PGgetNode 8
ERROR 2023-03-24 13:56:11,392 [main] - PWGPsplit sw
ERROR 2023-03-24 13:56:11,396 [main] - PGgetNode 9
ERROR 2023-03-24 13:56:11,397 [main] - PWGPsplit sw
ERROR 2023-03-24 13:56:11,405 [main] - PGgetNode 10
ERROR 2023-03-24 13:56:11,406 [main] - PWGPsplit sw
ERROR 2023-03-24 13:56:11,408 [main] - PGgetNode 11
ERROR 2023-03-24 13:56:11,409 [main] - PWGPsplit sw
ERROR 2023-03-24 13:56:11,411 [main] - PGgetNode 12
ERROR 2023-03-24 13:56:11,411 [main] - PWGPsplit sw
ERROR 2023-03-24 13:56:11,414 [main] - PGgetNode 13
ERROR 2023-03-24 13:56:11,414 [main] - PWGPsplit sw
ERROR 2023-03-24 13:56:11,418 [main] - PGgetNode 14
ERROR 2023-03-24 13:56:11,419 [main] - PWGPsplit sw
ERROR 2023-03-24 13:56:11,422 [main] - PGgetNode 15
ERROR 2023-03-24 13:56:11,423 [main] - PWGPsplit sw
ERROR 2023-03-24 13:56:11,425 [main] - PGgetNode 16
ERROR 2023-03-24 13:56:11,429 [main] - PWGPsplit sw
ERROR 2023-03-25 11:33:18,799 [main] - SENDING {"verb":"getDictionary","clientId":"changeme"}
ERROR 2023-03-25 11:33:19,100 [main] - AAA 
ERROR 2023-03-25 11:33:19,189 [main] - LOADED 437
ERROR 2023-03-25 11:33:19,225 [main] - PGgetNode 2
ERROR 2023-03-25 11:33:19,490 [main] - PWGPsplit ccnj
ERROR 2023-03-25 11:33:19,507 [main] - PGgetNode 3
ERROR 2023-03-25 11:33:19,509 [main] - PWGPsplit ccnj
ERROR 2023-03-25 11:33:19,514 [main] - PGgetNode 4
ERROR 2023-03-25 11:33:19,515 [main] - PWGPsplit ccnj
ERROR 2023-03-25 11:33:19,521 [main] - PGgetNode 5
ERROR 2023-03-25 11:33:19,522 [main] - PWGPsplit sw
ERROR 2023-03-25 11:33:19,526 [main] - PGgetNode 6
ERROR 2023-03-25 11:33:19,528 [main] - PWGPsplit sw
ERROR 2023-03-25 11:33:19,531 [main] - PGgetNode 7
ERROR 2023-03-25 11:33:19,532 [main] - PWGPsplit qw
ERROR 2023-03-25 11:33:19,536 [main] - PGgetNode 8
ERROR 2023-03-25 11:33:19,537 [main] - PWGPsplit sw
ERROR 2023-03-25 11:33:19,542 [main] - PGgetNode 9
ERROR 2023-03-25 11:33:19,543 [main] - PWGPsplit sw
ERROR 2023-03-25 11:33:19,546 [main] - PGgetNode 10
ERROR 2023-03-25 11:33:19,547 [main] - PWGPsplit sw
ERROR 2023-03-25 11:33:19,550 [main] - PGgetNode 11
ERROR 2023-03-25 11:33:19,551 [main] - PWGPsplit sw
ERROR 2023-03-25 11:33:19,555 [main] - PGgetNode 12
ERROR 2023-03-25 11:33:19,556 [main] - PWGPsplit sw
ERROR 2023-03-25 11:33:19,559 [main] - PGgetNode 13
ERROR 2023-03-25 11:33:19,560 [main] - PWGPsplit sw
ERROR 2023-03-25 11:33:19,570 [main] - PGgetNode 14
ERROR 2023-03-25 11:33:19,571 [main] - PWGPsplit sw
ERROR 2023-03-25 11:33:19,574 [main] - PGgetNode 15
ERROR 2023-03-25 11:33:19,576 [main] - PWGPsplit sw
ERROR 2023-03-25 11:33:19,578 [main] - PGgetNode 16
ERROR 2023-03-25 11:33:19,579 [main] - PWGPsplit sw
